{
  "RSpec": {
    "coverage": {
      "/Users/young/projects/week_4/week_5/makers-bnb/spec/booking_spec.rb": {
        "lines": [
          null,
          null,
          1,
          null,
          1,
          null
        ]
      },
      "/Users/young/projects/week_4/week_5/makers-bnb/lib/booking.rb": {
        "lines": [
          null,
          null,
          1,
          null
        ]
      },
      "/Users/young/projects/week_4/week_5/makers-bnb/spec/features/add_space_spec.rb": {
        "lines": [
          1,
          1,
          1,
          1,
          1,
          1,
          1,
          1,
          1,
          1,
          null,
          null
        ]
      },
      "/Users/young/projects/week_4/week_5/makers-bnb/spec/features/ready_check_spec.rb": {
        "lines": [
          null,
          null,
          1,
          1,
          1,
          1,
          null,
          null
        ]
      },
      "/Users/young/projects/week_4/week_5/makers-bnb/spec/space_spec.rb": {
        "lines": [
          null,
          null,
          1,
          null,
          1,
          null
        ]
      },
      "/Users/young/projects/week_4/week_5/makers-bnb/lib/space.rb": {
        "lines": [
          null,
          null,
          1,
          null
        ]
      },
      "/Users/young/projects/week_4/week_5/makers-bnb/spec/user_spec.rb": {
        "lines": [
          null,
          null,
          1,
          null,
          1,
          null
        ]
      },
      "/Users/young/projects/week_4/week_5/makers-bnb/lib/user.rb": {
        "lines": [
          null,
          null,
          1,
          null
        ]
      }
    },
    "timestamp": 1627310320
  }
}
