{
  "RSpec": {
    "coverage": {
      "/Users/Tommy/gitDir/airbnb/spec/booking_spec.rb": {
        "lines": [
          null,
          null,
          1,
          null,
          1,
          null
        ]
      },
      "/Users/Tommy/gitDir/airbnb/lib/booking.rb": {
        "lines": [
          null,
          null,
          1,
          null
        ]
      },
      "/Users/Tommy/gitDir/airbnb/spec/features/ready_check_spec.rb": {
        "lines": [
          null,
          null,
          1,
          1,
          1,
          1,
          null,
          null
        ]
      },
      "/Users/Tommy/gitDir/airbnb/spec/space_spec.rb": {
        "lines": [
          null,
          null,
          1,
          null,
          1,
          null
        ]
      },
      "/Users/Tommy/gitDir/airbnb/lib/space.rb": {
        "lines": [
          null,
          null,
          1,
          null
        ]
      },
      "/Users/Tommy/gitDir/airbnb/spec/user_spec.rb": {
        "lines": [
          null,
          null,
          1,
          null,
          1,
          null
        ]
      },
      "/Users/Tommy/gitDir/airbnb/lib/user.rb": {
        "lines": [
          null,
          null,
          1,
          null
        ]
      }
    },
    "timestamp": 1627307767
  }
}
